[MYLOG]🔄 Cleared test data storage before execution.
[MYLOG] :  [31m************************[   MOST ACTIVE FUTURE CONTRACTS   ]*********************[0m
[MYLOG] :  [31m************************[   MOST ACTIVE FUTURE CONTRACTS   ]*********************[0m
[MYLOG] :  TATAMOTORS
[MYLOG] :  BEL
[MYLOG] :  TATACONSUM
[MYLOG] :  PERSISTENT
[MYLOG] :  HDFCBANK
[MYLOG] :  TCS
[MYLOG] :  HAL
[MYLOG] :  MARUTI
[MYLOG] :  TATACHEM
[MYLOG] :  AMBER
[MYLOG] :  KOTAKBANK
[MYLOG] :  LT
[MYLOG] :  HCLTECH
[MYLOG] :  AXISBANK
[MYLOG] :  MAZDOCK
[MYLOG] :  INFY
[MYLOG] :  RELIANCE
[MYLOG] :  VEDL
[MYLOG] :  BRITANNIA
[MYLOG] :  COALINDIA
[MYLOG] :  [31m************************[   MOST ACTIVE FUTURE CONTRACTS   ]*********************[0m
[MYLOG] :  [31m********************[  RISE In OI ad RISE In PRICE (BULLISH) ]*****************[0m
[MYLOG] :  [31m********************[   RISE In OI ad RISE In PRICE (BULLISH) ]*****************[0m
[MYLOG] :  [31m********************[  RISE In OI ad RISE In PRICE (BULLISH) ]*****************[0m
[MYLOG] :  [31m********************[   RISE In OI ad RISE In PRICE (BULLISH) ]*****************[0m
[MYLOG] :  [31m********************[  RISE In OI ad RISE In PRICE (BULLISH) ]*****************[0m
[MYLOG] :  [31m********************[   RISE In OI ad RISE In PRICE (BULLISH) ]*****************[0m
[MYLOG] :  [31m********************[  RISE In OI ad RISE In PRICE (BULLISH) ]*****************[0m
[MYLOG] :  [31m********************[   RISE In OI ad RISE In PRICE (BULLISH) ]*****************[0m
